<?xml version="1.0" encoding="UTF-8"?>
<robot generator="Robot 5.0.1 (Python 3.12.4 on win32)" generated="20240622 13:38:41.143" rpa="false" schemaversion="3">
<suite id="s1" name="TestSuites" source="D:\AYAN PYCHARM PRACTICE 18_06_2024\AmazonAutomation\AmazonAutomationFramework\TestCases\TestSuites.robot">
<test id="s1-t1" name="Open Amazon Webpage&#10;" line="13">
<kw name="Automation_Script">
<arg>${Test Case Name}</arg>
<arg>Y</arg>
<msg timestamp="20240622 13:38:50.375" level="FAIL">Variable '${Test Case Name}' not found.</msg>
<status status="FAIL" starttime="20240622 13:38:50.373" endtime="20240622 13:38:50.402"/>
</kw>
<tag>Test</tag>
<status status="FAIL" starttime="20240622 13:38:50.370" endtime="20240622 13:38:50.403">Variable '${Test Case Name}' not found.</status>
</test>
<status status="FAIL" starttime="20240622 13:38:41.207" endtime="20240622 13:38:50.404"/>
</suite>
<statistics>
<total>
<stat pass="0" fail="1" skip="0">All Tests</stat>
</total>
<tag>
<stat pass="0" fail="1" skip="0">Test</stat>
</tag>
<suite>
<stat pass="0" fail="1" skip="0" id="s1" name="TestSuites">TestSuites</stat>
</suite>
</statistics>
<errors>
</errors>
</robot>
